<?xml version="1.0" encoding="UTF-8"?>
<!-- Generated by org.testng.reporters.JUnitXMLReporter -->
<testsuite hostname="LAPTOP-MUSTAFA" ignored="0" name="TestNGProject" tests="5" failures="0" timestamp="2023-05-08T02:28:22 CDT" time="0.052" errors="0">
  <testcase name="test1" time="0.01" classname="com.automation.testcases.ExamplePriorityAndDependencyTest"/>
  <testcase name="test2" time="0.0" classname="com.automation.testcases.ExamplePriorityAndDependencyTest"/>
  <testcase name="test3" time="0.0" classname="com.automation.testcases.ExamplePriorityAndDependencyTest"/>
  <testcase name="test4" time="0.0" classname="com.automation.testcases.ExamplePriorityAndDependencyTest"/>
  <testcase name="test5" time="0.0" classname="com.automation.testcases.ExamplePriorityAndDependencyTest"/>
</testsuite> <!-- TestNGProject -->
