<?xml version="1.0" encoding="UTF-8"?>
<!-- Generated by org.testng.reporters.JUnitXMLReporter -->
<testsuite hostname="LAPTOP-MUSTAFA" ignored="1" name="TestNGProject" tests="8" failures="0" timestamp="2023-05-08T00:05:06 CDT" time="0.045" errors="0">
  <testcase name="verifyLoginUnsuccessfulWithInvalidCredentials" time="0.005" classname="com.automation.testcases.DataDrivenTest"/>
  <testcase name="verifyLoginUnsuccessfulWithInvalidCredentials" time="0.0" classname="com.automation.testcases.DataDrivenTest"/>
  <testcase name="verifyLoginUnsuccessfulWithInvalidCredentials" time="0.0" classname="com.automation.testcases.DataDrivenTest"/>
  <testcase name="verifyLoginUnsuccessfulWithInvalidCredentials" time="0.001" classname="com.automation.testcases.DataDrivenTest"/>
  <testcase name="verifyLoginUnsuccessfulWithInvalidCredentials" time="0.0" classname="com.automation.testcases.DataDrivenTest"/>
  <testcase name="verifyLoginUnsuccessfulWithInvalidCredentials" time="0.0" classname="com.automation.testcases.DataDrivenTest"/>
  <testcase name="verifyLoginUnsuccessfulWithInvalidCredentials" time="0.0" classname="com.automation.testcases.DataDrivenTest"/>
  <testcase name="verifyLoginUnsuccessfulWithInvalidCredentials" time="0.0" classname="com.automation.testcases.DataDrivenTest"/>
  <testcase name="verifyLoginSuccessfulWithValidCredentials" time="0.0" classname="com.automation.testcases.DataDrivenTest">
    <ignored/>
  </testcase> <!-- verifyLoginSuccessfulWithValidCredentials -->
</testsuite> <!-- TestNGProject -->
