<?xml version="1.0" encoding="UTF-8"?>
<!-- Generated by org.testng.reporters.JUnitXMLReporter -->
<testsuite hostname="LAPTOP-MUSTAFA" ignored="12" name="Command line test" tests="9" failures="0" timestamp="2023-05-01T23:40:31 CDT" time="0.054" errors="0">
  <testcase name="verifyUserCanAddProductToCart" time="0.001" classname="com.automation.testcases.CartPageTest"/>
  <testcase name="verifyUserCanChangeQuantityOfItem" time="0.0" classname="com.automation.testcases.CartPageTest"/>
  <testcase name="verifyUserCanRemoveProductFromCart" time="0.0" classname="com.automation.testcases.CartPageTest"/>
  <testcase name="verifyUserCanLogin" time="0.0" classname="com.automation.testcases.LoginTest"/>
  <testcase name="verifyUserCanNotLoginWithInvalidCredentials" time="0.0" classname="com.automation.testcases.LoginTest"/>
  <testcase name="verifyUserCanResetPassword" time="0.0" classname="com.automation.testcases.LoginTest"/>
  <testcase name="verifyMessageWhenThereAreNoResult" time="0.001" classname="com.automation.testcases.SearchFunctionalityTest"/>
  <testcase name="verifySearchResultHasSearchKeyword" time="0.0" classname="com.automation.testcases.SearchFunctionalityTest"/>
  <testcase name="verifySearchResultsAreDisplayed" time="0.0" classname="com.automation.testcases.SearchFunctionalityTest"/>
  <testcase name="@BeforeSuite setUp" time="0.0" classname="com.automation.testcases.BaseTest">
    <ignored/>
  </testcase> <!-- @BeforeSuite setUp -->
  <testcase name="@BeforeSuite setUp" time="0.0" classname="com.automation.testcases.BaseTest">
    <ignored/>
  </testcase> <!-- @BeforeSuite setUp -->
  <testcase name="@BeforeSuite setUp" time="0.0" classname="com.automation.testcases.BaseTest">
    <ignored/>
  </testcase> <!-- @BeforeSuite setUp -->
  <testcase name="@BeforeTest setUpTest" time="0.0" classname="com.automation.testcases.BaseTest">
    <ignored/>
  </testcase> <!-- @BeforeTest setUpTest -->
  <testcase name="@BeforeTest setUpTest" time="0.0" classname="com.automation.testcases.BaseTest">
    <ignored/>
  </testcase> <!-- @BeforeTest setUpTest -->
  <testcase name="@BeforeTest setUpTest" time="0.0" classname="com.automation.testcases.BaseTest">
    <ignored/>
  </testcase> <!-- @BeforeTest setUpTest -->
  <testcase name="@AfterTest cleanUpTest" time="0.0" classname="com.automation.testcases.BaseTest">
    <ignored/>
  </testcase> <!-- @AfterTest cleanUpTest -->
  <testcase name="@AfterTest cleanUpTest" time="0.0" classname="com.automation.testcases.BaseTest">
    <ignored/>
  </testcase> <!-- @AfterTest cleanUpTest -->
  <testcase name="@AfterTest cleanUpTest" time="0.0" classname="com.automation.testcases.BaseTest">
    <ignored/>
  </testcase> <!-- @AfterTest cleanUpTest -->
  <testcase name="@AfterSuite cleanUp" time="0.0" classname="com.automation.testcases.BaseTest">
    <ignored/>
  </testcase> <!-- @AfterSuite cleanUp -->
  <testcase name="@AfterSuite cleanUp" time="0.0" classname="com.automation.testcases.BaseTest">
    <ignored/>
  </testcase> <!-- @AfterSuite cleanUp -->
  <testcase name="@AfterSuite cleanUp" time="0.0" classname="com.automation.testcases.BaseTest">
    <ignored/>
  </testcase> <!-- @AfterSuite cleanUp -->
</testsuite> <!-- Command line test -->
