<?xml version="1.0" encoding="UTF-8"?>
<testng-results skipped="0" failed="0" ignored="12" total="21" passed="9">
  <reporter-output>
  </reporter-output>
  <suite name="Command line suite" duration-ms="54" started-at="2023-05-01T23:40:31 CDT" finished-at="2023-05-01T23:40:31 CDT">
    <groups>
    </groups>
    <test name="Command line test" duration-ms="54" started-at="2023-05-01T23:40:31 CDT" finished-at="2023-05-01T23:40:31 CDT">
      <class name="com.automation.testcases.LoginTest">
        <test-method status="PASS" signature="setUpClass()[pri:0, instance:com.automation.testcases.LoginTest@4bec1f0c]" name="setUpClass" is-config="true" duration-ms="0" started-at="2023-05-01T23:40:31 CDT" finished-at="2023-05-01T23:40:31 CDT">
          <reporter-output>
          </reporter-output>
        </test-method> <!-- setUpClass -->
        <test-method status="PASS" signature="setUpMethod()[pri:0, instance:com.automation.testcases.LoginTest@4bec1f0c]" name="setUpMethod" is-config="true" duration-ms="0" started-at="2023-05-01T23:40:31 CDT" finished-at="2023-05-01T23:40:31 CDT">
          <reporter-output>
          </reporter-output>
        </test-method> <!-- setUpMethod -->
        <test-method status="PASS" signature="cleanUpMethod()[pri:0, instance:com.automation.testcases.LoginTest@4bec1f0c]" name="cleanUpMethod" is-config="true" duration-ms="0" started-at="2023-05-01T23:40:31 CDT" finished-at="2023-05-01T23:40:31 CDT">
          <reporter-output>
          </reporter-output>
        </test-method> <!-- cleanUpMethod -->
        <test-method status="PASS" signature="setUpMethod()[pri:0, instance:com.automation.testcases.LoginTest@4bec1f0c]" name="setUpMethod" is-config="true" duration-ms="0" started-at="2023-05-01T23:40:31 CDT" finished-at="2023-05-01T23:40:31 CDT">
          <reporter-output>
          </reporter-output>
        </test-method> <!-- setUpMethod -->
        <test-method status="PASS" signature="verifyUserCanNotLoginWithInvalidCredentials()[pri:0, instance:com.automation.testcases.LoginTest@4bec1f0c]" name="verifyUserCanNotLoginWithInvalidCredentials" duration-ms="0" started-at="2023-05-01T23:40:31 CDT" finished-at="2023-05-01T23:40:31 CDT">
          <reporter-output>
          </reporter-output>
        </test-method> <!-- verifyUserCanNotLoginWithInvalidCredentials -->
        <test-method status="PASS" signature="cleanUpMethod()[pri:0, instance:com.automation.testcases.LoginTest@4bec1f0c]" name="cleanUpMethod" is-config="true" duration-ms="2" started-at="2023-05-01T23:40:31 CDT" finished-at="2023-05-01T23:40:31 CDT">
          <reporter-output>
          </reporter-output>
        </test-method> <!-- cleanUpMethod -->
        <test-method status="PASS" signature="verifyUserCanLogin()[pri:0, instance:com.automation.testcases.LoginTest@4bec1f0c]" name="verifyUserCanLogin" duration-ms="0" started-at="2023-05-01T23:40:31 CDT" finished-at="2023-05-01T23:40:31 CDT">
          <reporter-output>
          </reporter-output>
        </test-method> <!-- verifyUserCanLogin -->
        <test-method status="PASS" signature="verifyUserCanResetPassword()[pri:0, instance:com.automation.testcases.LoginTest@4bec1f0c]" name="verifyUserCanResetPassword" duration-ms="0" started-at="2023-05-01T23:40:31 CDT" finished-at="2023-05-01T23:40:31 CDT">
          <reporter-output>
          </reporter-output>
        </test-method> <!-- verifyUserCanResetPassword -->
        <test-method status="PASS" signature="setUpMethod()[pri:0, instance:com.automation.testcases.LoginTest@4bec1f0c]" name="setUpMethod" is-config="true" duration-ms="0" started-at="2023-05-01T23:40:31 CDT" finished-at="2023-05-01T23:40:31 CDT">
          <reporter-output>
          </reporter-output>
        </test-method> <!-- setUpMethod -->
        <test-method status="PASS" signature="cleanUpMethod()[pri:0, instance:com.automation.testcases.LoginTest@4bec1f0c]" name="cleanUpMethod" is-config="true" duration-ms="1" started-at="2023-05-01T23:40:31 CDT" finished-at="2023-05-01T23:40:31 CDT">
          <reporter-output>
          </reporter-output>
        </test-method> <!-- cleanUpMethod -->
        <test-method status="PASS" signature="cleanUpClass()[pri:0, instance:com.automation.testcases.LoginTest@4bec1f0c]" name="cleanUpClass" is-config="true" duration-ms="0" started-at="2023-05-01T23:40:31 CDT" finished-at="2023-05-01T23:40:31 CDT">
          <reporter-output>
          </reporter-output>
        </test-method> <!-- cleanUpClass -->
      </class> <!-- com.automation.testcases.LoginTest -->
      <class name="com.automation.testcases.BaseTest">
        <test-method status="PASS" signature="setUp()[pri:0, instance:com.automation.testcases.BaseTest@490ab905]" name="setUp" is-config="true" duration-ms="14" started-at="2023-05-01T23:40:31 CDT" finished-at="2023-05-01T23:40:31 CDT">
          <reporter-output>
          </reporter-output>
        </test-method> <!-- setUp -->
        <test-method status="PASS" signature="setUpTest()[pri:0, instance:com.automation.testcases.BaseTest@490ab905]" name="setUpTest" is-config="true" duration-ms="1" started-at="2023-05-01T23:40:31 CDT" finished-at="2023-05-01T23:40:31 CDT">
          <reporter-output>
          </reporter-output>
        </test-method> <!-- setUpTest -->
        <test-method status="PASS" signature="cleanUpTest()[pri:0, instance:com.automation.testcases.BaseTest@490ab905]" name="cleanUpTest" is-config="true" duration-ms="0" started-at="2023-05-01T23:40:31 CDT" finished-at="2023-05-01T23:40:31 CDT">
          <reporter-output>
          </reporter-output>
        </test-method> <!-- cleanUpTest -->
        <test-method status="PASS" signature="cleanUp()[pri:0, instance:com.automation.testcases.BaseTest@490ab905]" name="cleanUp" is-config="true" duration-ms="0" started-at="2023-05-01T23:40:31 CDT" finished-at="2023-05-01T23:40:31 CDT">
          <reporter-output>
          </reporter-output>
        </test-method> <!-- cleanUp -->
      </class> <!-- com.automation.testcases.BaseTest -->
      <class name="com.automation.testcases.SearchFunctionalityTest">
        <test-method status="PASS" signature="setUpClass()[pri:0, instance:com.automation.testcases.SearchFunctionalityTest@5649fd9b]" name="setUpClass" is-config="true" duration-ms="1" started-at="2023-05-01T23:40:31 CDT" finished-at="2023-05-01T23:40:31 CDT">
          <reporter-output>
          </reporter-output>
        </test-method> <!-- setUpClass -->
        <test-method status="PASS" signature="verifyMessageWhenThereAreNoResult()[pri:0, instance:com.automation.testcases.SearchFunctionalityTest@5649fd9b]" name="verifyMessageWhenThereAreNoResult" duration-ms="1" started-at="2023-05-01T23:40:31 CDT" finished-at="2023-05-01T23:40:31 CDT">
          <reporter-output>
          </reporter-output>
        </test-method> <!-- verifyMessageWhenThereAreNoResult -->
        <test-method status="PASS" signature="setUpMethod()[pri:0, instance:com.automation.testcases.SearchFunctionalityTest@5649fd9b]" name="setUpMethod" is-config="true" duration-ms="0" started-at="2023-05-01T23:40:31 CDT" finished-at="2023-05-01T23:40:31 CDT">
          <reporter-output>
          </reporter-output>
        </test-method> <!-- setUpMethod -->
        <test-method status="PASS" signature="cleanUpMethod()[pri:0, instance:com.automation.testcases.SearchFunctionalityTest@5649fd9b]" name="cleanUpMethod" is-config="true" duration-ms="0" started-at="2023-05-01T23:40:31 CDT" finished-at="2023-05-01T23:40:31 CDT">
          <reporter-output>
          </reporter-output>
        </test-method> <!-- cleanUpMethod -->
        <test-method status="PASS" signature="verifySearchResultHasSearchKeyword()[pri:0, instance:com.automation.testcases.SearchFunctionalityTest@5649fd9b]" name="verifySearchResultHasSearchKeyword" duration-ms="0" started-at="2023-05-01T23:40:31 CDT" finished-at="2023-05-01T23:40:31 CDT">
          <reporter-output>
          </reporter-output>
        </test-method> <!-- verifySearchResultHasSearchKeyword -->
        <test-method status="PASS" signature="cleanUpMethod()[pri:0, instance:com.automation.testcases.SearchFunctionalityTest@5649fd9b]" name="cleanUpMethod" is-config="true" duration-ms="0" started-at="2023-05-01T23:40:31 CDT" finished-at="2023-05-01T23:40:31 CDT">
          <reporter-output>
          </reporter-output>
        </test-method> <!-- cleanUpMethod -->
        <test-method status="PASS" signature="setUpMethod()[pri:0, instance:com.automation.testcases.SearchFunctionalityTest@5649fd9b]" name="setUpMethod" is-config="true" duration-ms="0" started-at="2023-05-01T23:40:31 CDT" finished-at="2023-05-01T23:40:31 CDT">
          <reporter-output>
          </reporter-output>
        </test-method> <!-- setUpMethod -->
        <test-method status="PASS" signature="setUpMethod()[pri:0, instance:com.automation.testcases.SearchFunctionalityTest@5649fd9b]" name="setUpMethod" is-config="true" duration-ms="0" started-at="2023-05-01T23:40:31 CDT" finished-at="2023-05-01T23:40:31 CDT">
          <reporter-output>
          </reporter-output>
        </test-method> <!-- setUpMethod -->
        <test-method status="PASS" signature="verifySearchResultsAreDisplayed()[pri:0, instance:com.automation.testcases.SearchFunctionalityTest@5649fd9b]" name="verifySearchResultsAreDisplayed" duration-ms="0" started-at="2023-05-01T23:40:31 CDT" finished-at="2023-05-01T23:40:31 CDT">
          <reporter-output>
          </reporter-output>
        </test-method> <!-- verifySearchResultsAreDisplayed -->
        <test-method status="PASS" signature="cleanUpMethod()[pri:0, instance:com.automation.testcases.SearchFunctionalityTest@5649fd9b]" name="cleanUpMethod" is-config="true" duration-ms="0" started-at="2023-05-01T23:40:31 CDT" finished-at="2023-05-01T23:40:31 CDT">
          <reporter-output>
          </reporter-output>
        </test-method> <!-- cleanUpMethod -->
        <test-method status="PASS" signature="cleanUpClass()[pri:0, instance:com.automation.testcases.SearchFunctionalityTest@5649fd9b]" name="cleanUpClass" is-config="true" duration-ms="0" started-at="2023-05-01T23:40:31 CDT" finished-at="2023-05-01T23:40:31 CDT">
          <reporter-output>
          </reporter-output>
        </test-method> <!-- cleanUpClass -->
      </class> <!-- com.automation.testcases.SearchFunctionalityTest -->
      <class name="com.automation.testcases.CartPageTest">
        <test-method status="PASS" signature="setUpClass()[pri:0, instance:com.automation.testcases.CartPageTest@73846619]" name="setUpClass" is-config="true" duration-ms="0" started-at="2023-05-01T23:40:31 CDT" finished-at="2023-05-01T23:40:31 CDT">
          <reporter-output>
          </reporter-output>
        </test-method> <!-- setUpClass -->
        <test-method status="PASS" signature="setUpMethod()[pri:0, instance:com.automation.testcases.CartPageTest@73846619]" name="setUpMethod" is-config="true" duration-ms="2" started-at="2023-05-01T23:40:31 CDT" finished-at="2023-05-01T23:40:31 CDT">
          <reporter-output>
          </reporter-output>
        </test-method> <!-- setUpMethod -->
        <test-method status="PASS" signature="verifyUserCanAddProductToCart()[pri:0, instance:com.automation.testcases.CartPageTest@73846619]" name="verifyUserCanAddProductToCart" duration-ms="1" started-at="2023-05-01T23:40:31 CDT" finished-at="2023-05-01T23:40:31 CDT">
          <reporter-output>
          </reporter-output>
        </test-method> <!-- verifyUserCanAddProductToCart -->
        <test-method status="PASS" signature="cleanUpMethod()[pri:0, instance:com.automation.testcases.CartPageTest@73846619]" name="cleanUpMethod" is-config="true" duration-ms="0" started-at="2023-05-01T23:40:31 CDT" finished-at="2023-05-01T23:40:31 CDT">
          <reporter-output>
          </reporter-output>
        </test-method> <!-- cleanUpMethod -->
        <test-method status="PASS" signature="setUpMethod()[pri:0, instance:com.automation.testcases.CartPageTest@73846619]" name="setUpMethod" is-config="true" duration-ms="0" started-at="2023-05-01T23:40:31 CDT" finished-at="2023-05-01T23:40:31 CDT">
          <reporter-output>
          </reporter-output>
        </test-method> <!-- setUpMethod -->
        <test-method status="PASS" signature="verifyUserCanChangeQuantityOfItem()[pri:0, instance:com.automation.testcases.CartPageTest@73846619]" name="verifyUserCanChangeQuantityOfItem" duration-ms="0" started-at="2023-05-01T23:40:31 CDT" finished-at="2023-05-01T23:40:31 CDT">
          <reporter-output>
          </reporter-output>
        </test-method> <!-- verifyUserCanChangeQuantityOfItem -->
        <test-method status="PASS" signature="cleanUpMethod()[pri:0, instance:com.automation.testcases.CartPageTest@73846619]" name="cleanUpMethod" is-config="true" duration-ms="0" started-at="2023-05-01T23:40:31 CDT" finished-at="2023-05-01T23:40:31 CDT">
          <reporter-output>
          </reporter-output>
        </test-method> <!-- cleanUpMethod -->
        <test-method status="PASS" signature="setUpMethod()[pri:0, instance:com.automation.testcases.CartPageTest@73846619]" name="setUpMethod" is-config="true" duration-ms="0" started-at="2023-05-01T23:40:31 CDT" finished-at="2023-05-01T23:40:31 CDT">
          <reporter-output>
          </reporter-output>
        </test-method> <!-- setUpMethod -->
        <test-method status="PASS" signature="cleanUpMethod()[pri:0, instance:com.automation.testcases.CartPageTest@73846619]" name="cleanUpMethod" is-config="true" duration-ms="0" started-at="2023-05-01T23:40:31 CDT" finished-at="2023-05-01T23:40:31 CDT">
          <reporter-output>
          </reporter-output>
        </test-method> <!-- cleanUpMethod -->
        <test-method status="PASS" signature="verifyUserCanRemoveProductFromCart()[pri:0, instance:com.automation.testcases.CartPageTest@73846619]" name="verifyUserCanRemoveProductFromCart" duration-ms="0" started-at="2023-05-01T23:40:31 CDT" finished-at="2023-05-01T23:40:31 CDT">
          <reporter-output>
          </reporter-output>
        </test-method> <!-- verifyUserCanRemoveProductFromCart -->
        <test-method status="PASS" signature="cleanUpClass()[pri:0, instance:com.automation.testcases.CartPageTest@73846619]" name="cleanUpClass" is-config="true" duration-ms="1" started-at="2023-05-01T23:40:31 CDT" finished-at="2023-05-01T23:40:31 CDT">
          <reporter-output>
          </reporter-output>
        </test-method> <!-- cleanUpClass -->
      </class> <!-- com.automation.testcases.CartPageTest -->
    </test> <!-- Command line test -->
  </suite> <!-- Command line suite -->
</testng-results>
