<?xml version="1.0" encoding="UTF-8" ?>
<testsuite tests="9" failures="0" name="TestSuite" time="0.005" errors="0" skipped="0">
  <properties>
[...]
</properties>
  <testcase classname="com.automation.testcases.CartPageTest" name="verifyUserCanAddProductToCart" time="0.004"/>
  <testcase classname="com.automation.testcases.CartPageTest" name="verifyUserCanChangeQuantityOfItem" time="0"/>
  <testcase classname="com.automation.testcases.CartPageTest" name="verifyUserCanRemoveProductFromCart" time="0"/>
  <testcase classname="com.automation.testcases.LoginTest" name="verifyUserCanLogin" time="0"/>
  <testcase classname="com.automation.testcases.LoginTest" name="verifyUserCanNotLoginWithInvalidCredentials" time="0"/>
  <testcase classname="com.automation.testcases.LoginTest" name="verifyUserCanResetPassword" time="0"/>
  <testcase classname="com.automation.testcases.SearchFunctionalityTest" name="verifyMessageWhenThereAreNoResult" time="0"/>
  <testcase classname="com.automation.testcases.SearchFunctionalityTest" name="verifySearchResultHasSearchKeyword" time="0"/>
  <testcase classname="com.automation.testcases.SearchFunctionalityTest" name="verifySearchResultsAreDisplayed" time="0.001"/>
</testsuite>