<?xml version="1.0" encoding="UTF-8"?>
<!-- Generated by org.testng.reporters.JUnitXMLReporter -->
<testsuite hostname="LAPTOP-MUSTAFA" ignored="0" name="Command line test" tests="3" failures="0" timestamp="2023-05-01T22:48:56 CDT" time="0.055" errors="0">
  <testcase name="verifyUserCanLogin" time="0.006" classname="com.automation.testcases.LoginTest"/>
  <testcase name="verifyUserCanNotLoginWithInvalidCredentials" time="0.001" classname="com.automation.testcases.LoginTest"/>
  <testcase name="verifyUserCanResetPassword" time="0.0" classname="com.automation.testcases.LoginTest"/>
</testsuite> <!-- Command line test -->
