<?xml version="1.0" encoding="UTF-8"?>
<testng-results skipped="0" failed="0" ignored="1" total="9" passed="8">
  <reporter-output>
  </reporter-output>
  <suite name="Default Suite" duration-ms="45" started-at="2023-05-08T00:05:06 CDT" finished-at="2023-05-08T00:05:06 CDT">
    <groups>
    </groups>
    <test name="TestNGProject" duration-ms="45" started-at="2023-05-08T00:05:06 CDT" finished-at="2023-05-08T00:05:06 CDT">
      <class name="com.automation.testcases.DataDrivenTest">
        <test-method status="PASS" signature="verifyLoginUnsuccessfulWithInvalidCredentials(java.lang.String,java.lang.String)[pri:0, instance:com.automation.testcases.DataDrivenTest@21213b92]" name="verifyLoginUnsuccessfulWithInvalidCredentials" duration-ms="5" started-at="2023-05-08T00:05:06 CDT" data-provider="invalidData" finished-at="2023-05-08T00:05:06 CDT">
          <params>
            <param index="0">
              <value>
                <![CDATA[admin]]>
              </value>
            </param>
            <param index="1">
              <value>
                <![CDATA[admin@111]]>
              </value>
            </param>
          </params>
          <reporter-output>
          </reporter-output>
        </test-method> <!-- verifyLoginUnsuccessfulWithInvalidCredentials -->
        <test-method status="PASS" signature="verifyLoginUnsuccessfulWithInvalidCredentials(java.lang.String,java.lang.String)[pri:0, instance:com.automation.testcases.DataDrivenTest@21213b92]" name="verifyLoginUnsuccessfulWithInvalidCredentials" duration-ms="1" started-at="2023-05-08T00:05:06 CDT" data-provider="invalidData" finished-at="2023-05-08T00:05:06 CDT">
          <params>
            <param index="0">
              <value>
                <![CDATA[admin3]]>
              </value>
            </param>
            <param index="1">
              <value>
                <![CDATA[admin1@123]]>
              </value>
            </param>
          </params>
          <reporter-output>
          </reporter-output>
        </test-method> <!-- verifyLoginUnsuccessfulWithInvalidCredentials -->
        <test-method status="PASS" signature="verifyLoginUnsuccessfulWithInvalidCredentials(java.lang.String,java.lang.String)[pri:0, instance:com.automation.testcases.DataDrivenTest@21213b92]" name="verifyLoginUnsuccessfulWithInvalidCredentials" duration-ms="0" started-at="2023-05-08T00:05:06 CDT" data-provider="invalidData" finished-at="2023-05-08T00:05:06 CDT">
          <params>
            <param index="0">
              <value>
                <![CDATA[admin123]]>
              </value>
            </param>
            <param index="1">
              <value>
                <![CDATA[admin@123]]>
              </value>
            </param>
          </params>
          <reporter-output>
          </reporter-output>
        </test-method> <!-- verifyLoginUnsuccessfulWithInvalidCredentials -->
        <test-method status="PASS" signature="verifyLoginUnsuccessfulWithInvalidCredentials(java.lang.String,java.lang.String)[pri:0, instance:com.automation.testcases.DataDrivenTest@21213b92]" name="verifyLoginUnsuccessfulWithInvalidCredentials" duration-ms="0" started-at="2023-05-08T00:05:06 CDT" data-provider="invalidData" finished-at="2023-05-08T00:05:06 CDT">
          <params>
            <param index="0">
              <value>
                <![CDATA[admin]]>
              </value>
            </param>
            <param index="1">
              <value>
                <![CDATA[admin@122]]>
              </value>
            </param>
          </params>
          <reporter-output>
          </reporter-output>
        </test-method> <!-- verifyLoginUnsuccessfulWithInvalidCredentials -->
        <test-method status="PASS" signature="verifyLoginUnsuccessfulWithInvalidCredentials(java.lang.String,java.lang.String)[pri:0, instance:com.automation.testcases.DataDrivenTest@21213b92]" name="verifyLoginUnsuccessfulWithInvalidCredentials" duration-ms="0" started-at="2023-05-08T00:05:06 CDT" data-provider="invalidData" finished-at="2023-05-08T00:05:06 CDT">
          <params>
            <param index="0">
              <value>
                <![CDATA[Chirag]]>
              </value>
            </param>
            <param index="1">
              <value>
                <![CDATA[admin@123]]>
              </value>
            </param>
          </params>
          <reporter-output>
          </reporter-output>
        </test-method> <!-- verifyLoginUnsuccessfulWithInvalidCredentials -->
        <test-method status="PASS" signature="verifyLoginUnsuccessfulWithInvalidCredentials(java.lang.String,java.lang.String)[pri:0, instance:com.automation.testcases.DataDrivenTest@21213b92]" name="verifyLoginUnsuccessfulWithInvalidCredentials" duration-ms="0" started-at="2023-05-08T00:05:06 CDT" data-provider="invalidData" finished-at="2023-05-08T00:05:06 CDT">
          <params>
            <param index="0">
              <value>
                <![CDATA[]]>
              </value>
            </param>
            <param index="1">
              <value>
                <![CDATA[admin123]]>
              </value>
            </param>
          </params>
          <reporter-output>
          </reporter-output>
        </test-method> <!-- verifyLoginUnsuccessfulWithInvalidCredentials -->
        <test-method status="PASS" signature="verifyLoginUnsuccessfulWithInvalidCredentials(java.lang.String,java.lang.String)[pri:0, instance:com.automation.testcases.DataDrivenTest@21213b92]" name="verifyLoginUnsuccessfulWithInvalidCredentials" duration-ms="0" started-at="2023-05-08T00:05:06 CDT" data-provider="invalidData" finished-at="2023-05-08T00:05:06 CDT">
          <params>
            <param index="0">
              <value>
                <![CDATA[Admin]]>
              </value>
            </param>
            <param index="1">
              <value>
                <![CDATA[admin123]]>
              </value>
            </param>
          </params>
          <reporter-output>
          </reporter-output>
        </test-method> <!-- verifyLoginUnsuccessfulWithInvalidCredentials -->
        <test-method status="PASS" signature="verifyLoginUnsuccessfulWithInvalidCredentials(java.lang.String,java.lang.String)[pri:0, instance:com.automation.testcases.DataDrivenTest@21213b92]" name="verifyLoginUnsuccessfulWithInvalidCredentials" duration-ms="0" started-at="2023-05-08T00:05:06 CDT" data-provider="invalidData" finished-at="2023-05-08T00:05:06 CDT">
          <params>
            <param index="0">
              <value>
                <![CDATA[]]>
              </value>
            </param>
            <param index="1">
              <value>
                <![CDATA[]]>
              </value>
            </param>
          </params>
          <reporter-output>
          </reporter-output>
        </test-method> <!-- verifyLoginUnsuccessfulWithInvalidCredentials -->
      </class> <!-- com.automation.testcases.DataDrivenTest -->
    </test> <!-- TestNGProject -->
  </suite> <!-- Default Suite -->
</testng-results>
