<?xml version="1.0" encoding="UTF-8"?>
<!-- Generated by org.testng.reporters.JUnitXMLReporter -->
<testsuite hostname="LAPTOP-MUSTAFA" ignored="1" name="Login Test" tests="2" failures="0" timestamp="2023-05-07T23:06:54 CDT" time="0.049" errors="0">
  <testcase name="verifyUserCanResetPassword" time="0.006" classname="com.automation.testcases.LoginTest"/>
  <testcase name="verifyUserCanLogin" time="0.006" classname="com.automation.testcases.LoginTest"/>
  <testcase name="verifyUserCanNotLoginWithInvalidCredentials" time="0.0" classname="com.automation.testcases.LoginTest">
    <ignored/>
  </testcase> <!-- verifyUserCanNotLoginWithInvalidCredentials -->
</testsuite> <!-- Login Test -->
