<?xml version="1.0" encoding="UTF-8"?>
<!-- Generated by org.testng.reporters.JUnitXMLReporter -->
<testsuite hostname="LAPTOP-MUSTAFA" ignored="2" name="Other Test" tests="4" failures="0" timestamp="2023-05-07T23:06:54 CDT" time="0.004" errors="0">
  <testcase name="verifyUserCanAddProductToCart" time="0.001" classname="com.automation.testcases.CartPageTest"/>
  <testcase name="verifySearchResultsAreDisplayed" time="0.001" classname="com.automation.testcases.SearchFunctionalityTest"/>
  <testcase name="verifyUserCanChangeQuantityOfItem" time="0.001" classname="com.automation.testcases.CartPageTest"/>
  <testcase name="verifySearchResultHasSearchKeyword" time="0.001" classname="com.automation.testcases.SearchFunctionalityTest"/>
  <testcase name="verifyUserCanRemoveProductFromCart" time="0.0" classname="com.automation.testcases.CartPageTest">
    <ignored/>
  </testcase> <!-- verifyUserCanRemoveProductFromCart -->
  <testcase name="verifyMessageWhenThereAreNoResult" time="0.0" classname="com.automation.testcases.SearchFunctionalityTest">
    <ignored/>
  </testcase> <!-- verifyMessageWhenThereAreNoResult -->
</testsuite> <!-- Other Test -->
